[dotenv@17.2.3] injecting env (3) from .env -- tip: ⚙️  load multiple .env files with { path: ['.env.local', '.env'] }
API server listening on http://localhost:4000
Connected to Mong[2025-11-07T03:48:52.941Z] GET /api/notices
[2025-11-07T03:48:52.954Z] GET /api/notices
[2025-11-07T03:48:58.011Z] GET /api/forum
[2025-11-07T03:48:58.015Z] GET /api/forum
[2025-11-07T03:48:59.610Z] GET /api/resources
[2025-11-07T03:48:59.614Z] GET /api/resources
[2025-11-07T03:49:08.525Z] POST /api/auth/register
[2025-11-07T03:53:15.338Z] GET /api/resources
[2025-11-07T03:53:15.341Z] GET /api/resources
[2025-11-07T03:53:15.755Z] GET /api/forum
[2025-11-07T03:53:15.758Z] GET /api/forum
[2025-11-07T03:53:16.135Z] GET /api/notices
[2025-11-07T03:53:16.137Z] GET /api/notices
[2025-11-07T04:02:58.002Z] POST /api/auth/login
[2025-11-07T04:03:06.615Z] GET /api/me
[2025-11-07T04:03:06.618Z] GET /api/me
[2025-11-07T04:03:10.324Z] GET /api/resources
[2025-11-07T04:03:10.327Z] GET /api/resources
[2025-11-07T04:03:10.889Z] GET /api/forum
[2025-11-07T04:03:10.891Z] GET /api/forum
[2025-11-07T04:03:14.986Z] GET /api/me
[2025-11-07T04:03:14.987Z] GET /api/me
